fastas/Efm_vanN.fa	fastas/Efm_vanN.fa	0	0	1000/1000
fastas/Efs-pTW9_vanA.fa	fastas/Efm_vanN.fa	1	1	0/1000
fastas/Efs_pMG2200_vanB.fa	fastas/Efm_vanN.fa	1	1	0/1000
fastas/Efs_vanG.fa	fastas/Efm_vanN.fa	1	1	0/1000
fastas/Efs_vanL.fa	fastas/Efm_vanN.fa	1	1	0/1000
fastas/Egal-BM4174_vanC.fa	fastas/Efm_vanN.fa	1	1	0/1000
fastas/Eraf_vanD.fa	fastas/Efm_vanN.fa	1	1	0/1000
fastas/Efm_vanN.fa	fastas/Efs-pTW9_vanA.fa	1	1	0/1000
fastas/Efs-pTW9_vanA.fa	fastas/Efs-pTW9_vanA.fa	0	0	1000/1000
fastas/Efs_pMG2200_vanB.fa	fastas/Efs-pTW9_vanA.fa	1	1	0/1000
fastas/Efs_vanG.fa	fastas/Efs-pTW9_vanA.fa	1	1	0/1000
fastas/Efs_vanL.fa	fastas/Efs-pTW9_vanA.fa	1	1	0/1000
fastas/Egal-BM4174_vanC.fa	fastas/Efs-pTW9_vanA.fa	1	1	0/1000
fastas/Eraf_vanD.fa	fastas/Efs-pTW9_vanA.fa	1	1	0/1000
fastas/Efm_vanN.fa	fastas/Efs_pMG2200_vanB.fa	1	1	0/1000
fastas/Efs-pTW9_vanA.fa	fastas/Efs_pMG2200_vanB.fa	1	1	0/1000
fastas/Efs_pMG2200_vanB.fa	fastas/Efs_pMG2200_vanB.fa	0	0	1000/1000
fastas/Efs_vanG.fa	fastas/Efs_pMG2200_vanB.fa	1	1	0/1000
fastas/Efs_vanL.fa	fastas/Efs_pMG2200_vanB.fa	1	1	0/1000
fastas/Egal-BM4174_vanC.fa	fastas/Efs_pMG2200_vanB.fa	1	1	0/1000
fastas/Eraf_vanD.fa	fastas/Efs_pMG2200_vanB.fa	1	1	0/1000
fastas/Efm_vanN.fa	fastas/Efs_vanG.fa	1	1	0/1000
fastas/Efs-pTW9_vanA.fa	fastas/Efs_vanG.fa	1	1	0/1000
fastas/Efs_pMG2200_vanB.fa	fastas/Efs_vanG.fa	1	1	0/1000
fastas/Efs_vanG.fa	fastas/Efs_vanG.fa	0	0	1000/1000
fastas/Efs_vanL.fa	fastas/Efs_vanG.fa	1	1	0/1000
fastas/Egal-BM4174_vanC.fa	fastas/Efs_vanG.fa	1	1	0/1000
fastas/Eraf_vanD.fa	fastas/Efs_vanG.fa	1	1	0/1000
fastas/Efm_vanN.fa	fastas/Efs_vanL.fa	1	1	0/1000
fastas/Efs-pTW9_vanA.fa	fastas/Efs_vanL.fa	1	1	0/1000
fastas/Efs_pMG2200_vanB.fa	fastas/Efs_vanL.fa	1	1	0/1000
fastas/Efs_vanG.fa	fastas/Efs_vanL.fa	1	1	0/1000
fastas/Efs_vanL.fa	fastas/Efs_vanL.fa	0	0	1000/1000
fastas/Egal-BM4174_vanC.fa	fastas/Efs_vanL.fa	1	1	0/1000
fastas/Eraf_vanD.fa	fastas/Efs_vanL.fa	1	1	0/1000
fastas/Efm_vanN.fa	fastas/Egal-BM4174_vanC.fa	1	1	0/1000
fastas/Efs-pTW9_vanA.fa	fastas/Egal-BM4174_vanC.fa	1	1	0/1000
fastas/Efs_pMG2200_vanB.fa	fastas/Egal-BM4174_vanC.fa	1	1	0/1000
fastas/Efs_vanG.fa	fastas/Egal-BM4174_vanC.fa	1	1	0/1000
fastas/Efs_vanL.fa	fastas/Egal-BM4174_vanC.fa	1	1	0/1000
fastas/Egal-BM4174_vanC.fa	fastas/Egal-BM4174_vanC.fa	0	0	1000/1000
fastas/Eraf_vanD.fa	fastas/Egal-BM4174_vanC.fa	1	1	0/1000
fastas/Efm_vanN.fa	fastas/Eraf_vanD.fa	1	1	0/1000
fastas/Efs-pTW9_vanA.fa	fastas/Eraf_vanD.fa	1	1	0/1000
fastas/Efs_pMG2200_vanB.fa	fastas/Eraf_vanD.fa	1	1	0/1000
fastas/Efs_vanG.fa	fastas/Eraf_vanD.fa	1	1	0/1000
fastas/Efs_vanL.fa	fastas/Eraf_vanD.fa	1	1	0/1000
fastas/Egal-BM4174_vanC.fa	fastas/Eraf_vanD.fa	1	1	0/1000
fastas/Eraf_vanD.fa	fastas/Eraf_vanD.fa	0	0	1000/1000
